--- Startup times for process: Primary/TUI ---

times in msec
 clock   self+sourced   self:  sourced script
 clock   elapsed:              other lines

000.001  000.001: --- NVIM STARTING ---
000.150  000.149: event init
000.208  000.057: early init
000.240  000.033: locale set
000.270  000.029: init first window
000.472  000.203: inits 1
000.479  000.007: window checked
000.481  000.002: parsing arguments
000.843  000.031  000.031: require('vim.shared')
000.897  000.028  000.028: require('vim.inspect')
000.930  000.023  000.023: require('vim._options')
000.931  000.085  000.035: require('vim._editor')
000.932  000.141  000.024: require('vim._init_packages')
000.933  000.312: init lua interpreter
001.237  000.304: --- NVIM STARTED ---

--- Startup times for process: Embedded ---

times in msec
 clock   self+sourced   self:  sourced script
 clock   elapsed:              other lines

000.001  000.001: --- NVIM STARTING ---
000.105  000.104: event init
000.150  000.044: early init
000.175  000.025: locale set
000.199  000.024: init first window
000.348  000.149: inits 1
000.356  000.008: window checked
000.357  000.001: parsing arguments
000.719  000.030  000.030: require('vim.shared')
000.777  000.028  000.028: require('vim.inspect')
000.811  000.025  000.025: require('vim._options')
000.812  000.090  000.036: require('vim._editor')
000.813  000.145  000.024: require('vim._init_packages')
000.814  000.312: init lua interpreter
000.845  000.031: expanding arguments
000.858  000.013: inits 2
001.042  000.184: init highlight
001.043  000.001: waiting for UI
001.109  000.067: done waiting for UI
001.113  000.003: clear screen
001.157  000.004  000.004: require('vim.keymap')
002.040  000.632  000.632: require('vim.termcap')
002.141  000.082  000.082: require('vim.text')
002.214  001.100  000.382: require('vim._defaults')
002.216  000.004: init default mappings & autocommands
002.342  000.040  000.040: sourcing /usr/share/nvim/runtime/ftplugin.vim
002.452  000.016  000.016: sourcing /usr/share/nvim/runtime/indent.vim
002.551  000.047  000.047: sourcing /usr/share/nvim/archlinux.lua
002.556  000.066  000.019: sourcing /etc/xdg/nvim/sysinit.vim
004.659  000.128  000.128: sourcing /usr/share/nvim/runtime/syntax/synload.vim
005.588  000.555  000.555: sourcing /usr/share/nvim/runtime/filetype.lua
007.663  001.843  001.843: require('vim.filetype')
009.481  001.086  001.086: require('vim.filetype.detect')
009.652  005.380  001.768: sourcing /usr/share/nvim/runtime/syntax/syntax.vim
010.693  000.005  000.005: require('vim.F')
010.724  001.038  001.032: require('vim.diagnostic')
010.728  007.025  000.607: require('basic')
012.002  000.027  000.027: require('vim.fs')
012.028  000.259  000.232: require('vim.lsp.log')
012.964  000.933  000.933: require('vim.lsp.protocol')
014.286  000.210  000.210: require('vim.lsp._snippet_grammar')
014.399  000.111  000.111: require('vim.highlight')
014.411  001.439  001.119: require('vim.lsp.util')
014.801  000.174  000.174: require('vim.lsp.sync')
014.805  000.393  000.219: require('vim.lsp._changetracking')
015.146  000.339  000.339: require('vim.lsp.rpc')
015.173  004.080  000.717: require('vim.lsp')
015.608  000.432  000.432: require('vim.lsp.buf')
015.822  005.093  000.581: require('keymaps')
015.994  000.169  000.169: require('theme')
015.996  013.345  001.058: require('global')
016.793  000.130  000.130: require('packer.util')
016.883  000.755  000.625: require('packer')
017.011  000.126  000.126: require('plugins_list')
017.190  000.177  000.177: require('packer.log')
017.547  000.130  000.130: require('packer.async')
017.785  000.073  000.073: require('packer.result')
017.787  000.238  000.165: require('packer.jobs')
017.792  000.592  000.224: require('packer.plugin_utils')
017.952  000.153  000.153: require('packer.snapshot')
018.078  002.065  000.262: require('packer_module')
018.947  000.050  000.050: require('cmp.utils.debug')
019.191  000.133  000.133: require('cmp.utils.char')
019.196  000.247  000.113: require('cmp.utils.str')
020.238  000.443  000.443: require('cmp.utils.misc')
020.413  000.165  000.165: require('cmp.utils.buffer')
020.740  000.322  000.322: require('cmp.utils.api')
020.749  001.465  000.535: require('cmp.utils.keymap')
020.755  001.557  000.092: require('cmp.utils.feedkeys')
021.761  000.077  000.077: require('cmp.types.cmp')
021.959  000.193  000.193: require('cmp.types.lsp')
022.026  000.065  000.065: require('cmp.types.vim')
022.028  000.409  000.074: require('cmp.types')
022.034  000.662  000.252: require('cmp.config.mapping')
022.114  000.080  000.080: require('cmp.utils.cache')
022.538  000.279  000.279: require('cmp.config.compare')
022.542  000.424  000.146: require('cmp.config.default')
022.645  001.536  000.370: require('cmp.config')
022.672  001.915  000.378: require('cmp.utils.async')
022.906  000.091  000.091: require('cmp.utils.pattern')
022.914  000.240  000.149: require('cmp.context')
024.048  000.335  000.335: require('cmp.utils.snippet')
024.240  000.189  000.189: require('cmp.matcher')
024.245  001.018  000.495: require('cmp.entry')
024.251  001.335  000.316: require('cmp.source')
024.557  000.075  000.075: require('cmp.utils.event')
024.958  000.051  000.051: require('cmp.utils.options')
024.962  000.261  000.209: require('cmp.utils.window')
024.966  000.406  000.145: require('cmp.view.docs_view')
025.643  000.091  000.091: require('cmp.utils.autocmd')
025.650  000.683  000.592: require('cmp.view.custom_entries_view')
026.025  000.374  000.374: require('cmp.view.wildmenu_entries_view')
026.182  000.155  000.155: require('cmp.view.native_entries_view')
026.305  000.121  000.121: require('cmp.view.ghost_text_view')
026.313  002.061  000.247: require('cmp.view')
026.671  008.088  000.683: require('cmp.core')
026.795  000.057  000.057: require('cmp.config.sources')
026.848  000.050  000.050: require('cmp.config.window')
026.883  008.562  000.367: require('cmp')
027.373  009.078  000.516: require('plugins.config.cmp')
027.561  000.112  000.112: require('formatter.config')
027.614  000.051  000.051: require('formatter.log')
027.616  000.201  000.038: require('formatter')
027.742  000.358  000.157: require('plugins.config.formatter')
028.004  000.106  000.106: require('gitsigns.async')
028.111  000.105  000.105: require('gitsigns.debug.log')
028.336  000.223  000.223: require('gitsigns.config')
028.339  000.559  000.125: require('gitsigns')
028.584  000.208  000.208: require('gitsigns.highlight')
029.006  000.061  000.061: require('gitsigns.debounce')
029.277  000.116  000.116: require('lsp-colors')
029.283  000.134  000.018: require('plugins.config.lsp-colors')
029.919  000.287  000.287: require('lspconfig.util')
030.006  000.084  000.084: require('lspconfig.async')
030.009  000.603  000.231: require('lspconfig.configs')
030.011  000.681  000.078: require('lspconfig')
030.077  000.064  000.064: require('lspconfig.server_configurations.ts_ls')
030.418  000.168  000.168: require('lspconfig.manager')
030.508  000.087  000.087: require('lspconfig.server_configurations.lua_ls')
030.733  000.060  000.060: require('lspconfig.server_configurations.marksman')
030.867  000.064  000.064: require('lspconfig.server_configurations.bashls')
031.091  000.082  000.082: require('cmp_nvim_lsp.source')
031.094  000.170  000.088: require('cmp_nvim_lsp')
031.175  000.077  000.077: require('lspconfig.server_configurations.pyright')
031.482  000.120  000.120: require('lspconfig.server_configurations.rust_analyzer')
031.678  002.387  000.896: require('plugins.config.lsp')
031.818  000.114  000.114: require('lspsaga')
032.185  000.088  000.088: require('lspsaga.lspkind')
032.188  000.333  000.245: require('lspsaga.highlight')
032.801  000.267  000.267: require('vim.version')
033.734  001.333  001.066: require('lspsaga.codeaction.lightbulb')
035.099  000.846  000.846: require('lspsaga.symbol.head')
035.195  003.510  000.884: require('plugins.config.lspsaga')
035.796  000.148  000.148: require('neoscroll.config')
035.907  000.108  000.108: require('neoscroll.window')
036.071  000.162  000.162: require('neoscroll.logic')
036.418  000.344  000.344: require('neoscroll.scroll')
036.494  001.233  000.471: require('neoscroll')
037.329  002.121  000.887: require('plugins.config.neoscroll')
038.066  000.304  000.304: require('null-ls.utils')
038.154  000.578  000.273: require('null-ls.config')
038.306  000.072  000.072: require('null-ls.helpers.cache')
038.522  000.213  000.213: require('null-ls.helpers.diagnostics')
038.592  000.068  000.068: require('null-ls.helpers.formatter_factory')
039.028  000.121  000.121: require('null-ls.logger')
039.185  000.154  000.154: require('null-ls.state')
039.190  000.596  000.321: require('null-ls.helpers.generator_factory')
039.443  000.113  000.113: require('null-ls.helpers.command_resolver')
039.446  000.254  000.141: require('null-ls.helpers.make_builtin')
039.569  000.122  000.122: require('null-ls.helpers.range_formatting_args_factory')
039.611  001.455  000.130: require('null-ls.helpers')
040.182  000.129  000.129: require('null-ls.methods')
040.189  000.324  000.196: require('null-ls.diagnostics')
040.197  000.585  000.260: require('null-ls.sources')
040.275  000.075  000.075: require('null-ls.builtins')
040.277  002.870  000.178: require('null-ls')
040.480  000.200  000.200: require('null-ls.builtins.formatting.prettier')
040.941  000.237  000.237: require('null-ls.client')
040.969  003.614  000.306: require('plugins.config.null-ls')
041.745  000.225  000.225: require('colorizer/nvim')
041.989  000.042  000.042: require('ffi')
042.159  000.411  000.369: require('colorizer/trie')
042.452  001.419  000.783: require('colorizer')
044.754  003.753  002.334: require('plugins.config.nvim-colorizer')
045.308  000.195  000.195: require('nvim-lightbulb.config')
045.317  000.493  000.298: require('nvim-lightbulb')
045.482  000.712  000.218: require('plugins.config.nvim-lightbulb')
046.205  000.082  000.082: require('lib.log')
046.508  000.300  000.300: require('deps.msgpack')
046.860  000.350  000.350: require('deps.serpent')
046.950  000.088  000.088: require('presence.file_explorers')
047.255  000.302  000.302: require('presence.file_assets')
047.329  000.071  000.071: require('presence.plugin_managers')
047.634  000.161  000.161: require('deps.struct')
047.638  000.307  000.146: require('presence.discord')
047.644  002.120  000.619: require('presence')
047.957  000.016  000.016: sourcing /home/arrow_function/.local/share/nvim/site/pack/packer/start/presence.nvim/autoload/presence.vim
048.687  003.195  001.059: require('plugins.config.presence')
050.407  000.222  000.222: require('plenary.bit')
050.520  000.109  000.109: require('plenary.functional')
050.558  001.054  000.723: require('plenary.path')
050.676  001.392  000.339: require('plenary.log')
050.738  001.525  000.133: require('telescope.log')
051.784  000.077  000.077: require('plenary.compat')
051.794  000.463  000.386: require('plenary.job')
052.007  000.211  000.211: require('plenary.strings')
052.113  000.103  000.103: require('telescope.state')
052.134  001.393  000.617: require('telescope.utils')
052.142  003.368  000.449: require('telescope.sorters')
052.350  000.090  000.090: require('telescope._extensions')
052.354  000.210  000.120: require('telescope')
053.084  000.271  000.271: require('telescope.deprecated')
056.408  004.051  003.780: require('telescope.config')
057.468  008.764  001.134: require('plugins.config.telescope')
057.662  000.109  000.109: require('trouble')
057.912  000.247  000.247: require('trouble.config')
058.476  000.321  000.321: require('trouble.util')
058.481  000.491  000.169: require('trouble.config.highlights')
059.435  000.101  000.101: require('trouble.cache')
059.707  000.268  000.268: require('trouble.format')
059.839  000.129  000.129: require('trouble.view.indent')
060.085  000.243  000.243: require('trouble.view.text')
060.094  000.968  000.226: require('trouble.view.render')
060.097  001.183  000.215: require('trouble.view.preview')
060.099  001.357  000.174: require('trouble.view.main')
060.145  002.651  000.447: require('plugins.config.trouble')
060.391  000.109  000.109: require('typescript.config')
060.887  000.065  000.065: require('typescript.types.methods')
060.964  000.074  000.074: require('typescript.utils')
060.966  000.211  000.072: require('typescript.execute-command')
061.053  000.086  000.086: require('typescript.types.workspace-commands')
061.056  000.399  000.102: require('typescript.go-to-source-definition')
061.256  000.198  000.198: require('typescript.rename-file')
061.374  000.116  000.116: require('typescript.source-actions')
061.376  000.863  000.150: require('typescript.commands')
061.454  000.076  000.076: require('typescript.handlers')
061.569  001.175  000.236: require('typescript.lsp')
061.572  001.390  000.106: require('typescript')
061.720  000.074  000.074: require('lspconfig.server_configurations.zls')
061.789  000.190  000.115: require('plugins.config.zls')
061.791  043.711  001.028: require('config/init')
061.793  045.796  000.019: require('plugins')
061.809  000.015  000.015: require('essential')
061.864  059.283  000.128: sourcing /home/arrow_function/.config/nvim/init.lua
061.872  000.251: sourcing vimrc file(s)
062.666  000.304  000.304: sourcing /home/arrow_function/.config/nvim/plugin/packer_compiled.lua
062.928  000.115  000.115: sourcing /usr/share/nvim/runtime/plugin/gzip.vim
063.285  000.147  000.147: sourcing /usr/share/nvim/runtime/pack/dist/opt/matchit/plugin/matchit.vim
063.315  000.376  000.229: sourcing /usr/share/nvim/runtime/plugin/matchit.vim
063.423  000.097  000.097: sourcing /usr/share/nvim/runtime/plugin/matchparen.vim
063.648  000.215  000.215: sourcing /usr/share/nvim/runtime/plugin/netrwPlugin.vim
063.752  000.004  000.004: sourcing /home/arrow_function/.local/share/nvim/rplugin.vim
063.758  000.091  000.087: sourcing /usr/share/nvim/runtime/plugin/rplugin.vim
063.803  000.035  000.035: sourcing /usr/share/nvim/runtime/plugin/shada.vim
063.829  000.011  000.011: sourcing /usr/share/nvim/runtime/plugin/spellfile.vim
063.892  000.052  000.052: sourcing /usr/share/nvim/runtime/plugin/tarPlugin.vim
063.923  000.011  000.011: sourcing /usr/share/nvim/runtime/plugin/tutor.vim
064.034  000.099  000.099: sourcing /usr/share/nvim/runtime/plugin/zipPlugin.vim
064.085  000.030  000.030: sourcing /usr/share/nvim/runtime/plugin/editorconfig.lua
064.145  000.046  000.046: sourcing /usr/share/nvim/runtime/plugin/man.lua
064.197  000.039  000.039: sourcing /usr/share/nvim/runtime/plugin/osc52.lua
064.234  000.025  000.025: sourcing /usr/share/nvim/runtime/plugin/tohtml.lua
064.605  000.327  000.327: sourcing /usr/share/vim/vimfiles/plugin/fzf.vim
064.609  000.863: loading rtp plugins
064.866  000.014  000.014: sourcing /home/arrow_function/.local/share/nvim/site/pack/packer/start/LuaSnip/plugin/luasnip.vim
066.057  000.048  000.048: require('luasnip.util.types')
066.061  000.137  000.089: require('luasnip.util.ext_opts')
066.233  000.020  000.020: require('luasnip.util.lazy_table')
066.285  000.050  000.050: require('luasnip.extras.filetype_functions')
066.291  000.182  000.113: require('luasnip.default_config')
066.293  000.231  000.048: require('luasnip.session')
066.294  001.121  000.753: require('luasnip.config')
066.875  000.216  000.216: require('luasnip.util.util')
067.274  000.027  000.027: require('luasnip.nodes.key_indexer')
067.279  000.402  000.375: require('luasnip.nodes.util')
067.450  000.032  000.032: require('luasnip.session.snippet_collection.source')
067.475  000.023  000.023: require('luasnip.util.table')
067.512  000.035  000.035: require('luasnip.util.auto_table')
067.517  000.237  000.147: require('luasnip.session.snippet_collection')
067.869  000.158  000.158: require('luasnip.util.select')
067.908  000.036  000.036: require('luasnip.util.time')
068.346  000.746  000.552: require('luasnip.util._builtin_vars')
068.460  000.942  000.196: require('luasnip.util.environ')
068.517  000.055  000.055: require('luasnip.util.extend_decorator')
068.815  000.163  000.163: require('luasnip.util.path')
069.193  000.175  000.175: require('luasnip.util.log')
069.207  000.389  000.214: require('luasnip.loaders.util')
069.242  000.033  000.033: require('luasnip.loaders.data')
069.579  000.336  000.336: require('luasnip.loaders.fs_watchers')
069.585  001.066  000.145: require('luasnip.loaders')
069.610  003.313  000.395: require('luasnip')
069.636  004.753  000.320: sourcing /home/arrow_function/.local/share/nvim/site/pack/packer/start/LuaSnip/plugin/luasnip.lua
069.788  000.038  000.038: sourcing /home/arrow_function/.local/share/nvim/site/pack/packer/start/formatter.nvim/plugin/formatter.vim
069.957  000.114  000.114: sourcing /home/arrow_function/.local/share/nvim/site/pack/packer/start/lsp-colors.nvim/plugin/lsp-colors.vim
070.092  000.046  000.046: sourcing /home/arrow_function/.local/share/nvim/site/pack/packer/start/lspsaga.nvim/plugin/lspsaga.lua
070.519  000.143  000.143: sourcing /home/arrow_function/.local/share/nvim/site/pack/packer/start/nerdtree/autoload/nerdtree.vim
071.283  000.422  000.422: sourcing /home/arrow_function/.local/share/nvim/site/pack/packer/start/nerdtree/lib/nerdtree/path.vim
071.577  000.090  000.090: sourcing /home/arrow_function/.local/share/nvim/site/pack/packer/start/nerdtree/lib/nerdtree/menu_controller.vim
071.732  000.052  000.052: sourcing /home/arrow_function/.local/share/nvim/site/pack/packer/start/nerdtree/lib/nerdtree/menu_item.vim
071.900  000.064  000.064: sourcing /home/arrow_function/.local/share/nvim/site/pack/packer/start/nerdtree/lib/nerdtree/key_map.vim
072.214  000.142  000.142: sourcing /home/arrow_function/.local/share/nvim/site/pack/packer/start/nerdtree/lib/nerdtree/bookmark.vim
072.419  000.111  000.111: sourcing /home/arrow_function/.local/share/nvim/site/pack/packer/start/nerdtree/lib/nerdtree/tree_file_node.vim
072.819  000.307  000.307: sourcing /home/arrow_function/.local/share/nvim/site/pack/packer/start/nerdtree/lib/nerdtree/tree_dir_node.vim
073.038  000.124  000.124: sourcing /home/arrow_function/.local/share/nvim/site/pack/packer/start/nerdtree/lib/nerdtree/opener.vim
073.263  000.127  000.127: sourcing /home/arrow_function/.local/share/nvim/site/pack/packer/start/nerdtree/lib/nerdtree/creator.vim
073.374  000.026  000.026: sourcing /home/arrow_function/.local/share/nvim/site/pack/packer/start/nerdtree/lib/nerdtree/flag_set.vim
073.520  000.068  000.068: sourcing /home/arrow_function/.local/share/nvim/site/pack/packer/start/nerdtree/lib/nerdtree/nerdtree.vim
073.775  000.176  000.176: sourcing /home/arrow_function/.local/share/nvim/site/pack/packer/start/nerdtree/lib/nerdtree/ui.vim
073.866  000.012  000.012: sourcing /home/arrow_function/.local/share/nvim/site/pack/packer/start/nerdtree/lib/nerdtree/event.vim
073.959  000.022  000.022: sourcing /home/arrow_function/.local/share/nvim/site/pack/packer/start/nerdtree/lib/nerdtree/notifier.vim
074.285  000.222  000.222: sourcing /home/arrow_function/.local/share/nvim/site/pack/packer/start/nerdtree/autoload/nerdtree/ui_glue.vim
076.308  000.064  000.064: sourcing /home/arrow_function/.local/share/nvim/site/pack/packer/start/nerdtree/nerdtree_plugin/exec_menuitem.vim
210.893  134.149  134.149: sourcing /usr/share/nvim/runtime/autoload/provider/clipboard.vim
211.228  134.897  000.748: sourcing /home/arrow_function/.local/share/nvim/site/pack/packer/start/nerdtree/nerdtree_plugin/fs_menu.vim
211.322  000.035  000.035: sourcing /home/arrow_function/.local/share/nvim/site/pack/packer/start/nerdtree/nerdtree_plugin/vcs.vim
211.712  000.219  000.219: sourcing /home/arrow_function/.local/share/nvim/site/pack/packer/start/vim-devicons/nerdtree_plugin/webdevicons.vim
211.813  141.636  004.313: sourcing /home/arrow_function/.local/share/nvim/site/pack/packer/start/nerdtree/plugin/NERD_tree.vim
212.229  000.135  000.135: require('cmp.utils.highlight')
212.751  000.871  000.736: sourcing /home/arrow_function/.local/share/nvim/site/pack/packer/start/nvim-cmp/plugin/cmp.lua
212.862  000.027  000.027: sourcing /home/arrow_function/.local/share/nvim/site/pack/packer/start/nvim-colorizer.lua/plugin/colorizer.vim
213.353  000.422  000.422: sourcing /home/arrow_function/.local/share/nvim/site/pack/packer/start/nvim-lspconfig/plugin/lspconfig.lua
214.742  000.214  000.214: require('nvim-treesitter.utils')
217.530  000.127  000.127: require('vim.treesitter.language')
217.603  000.070  000.070: require('vim.func')
217.709  000.102  000.102: require('vim.func._memoize')
217.732  000.805  000.506: require('vim.treesitter.query')
217.876  000.142  000.142: require('vim.treesitter._range')
217.893  001.523  000.576: require('vim.treesitter.languagetree')
217.899  001.802  000.279: require('vim.treesitter')
219.513  004.767  002.965: require('nvim-treesitter.parsers')
222.625  000.190  000.190: require('nvim-treesitter.compat')
223.202  000.412  000.412: require('nvim-treesitter.ts_utils')
223.215  000.569  000.157: require('nvim-treesitter.tsrange')
223.370  000.153  000.153: require('nvim-treesitter.caching')
223.407  001.652  000.740: require('nvim-treesitter.query')
223.438  002.998  001.347: require('nvim-treesitter.configs')
223.444  003.925  000.926: require('nvim-treesitter.info')
224.132  000.686  000.686: require('nvim-treesitter.shell_command_selectors')
224.180  010.514  000.922: require('nvim-treesitter.install')
224.367  000.182  000.182: require('nvim-treesitter.statusline')
224.715  000.344  000.344: require('nvim-treesitter.query_predicates')
224.720  011.221  000.180: require('nvim-treesitter')
225.367  011.941  000.720: sourcing /home/arrow_function/.local/share/nvim/site/pack/packer/start/nvim-treesitter/plugin/nvim-treesitter.lua
225.580  000.049  000.049: sourcing /home/arrow_function/.local/share/nvim/site/pack/packer/start/plenary.nvim/plugin/plenary.vim
225.703  000.020  000.020: sourcing /home/arrow_function/.local/share/nvim/site/pack/packer/start/presence.nvim/plugin/presence.vim
226.474  000.697  000.697: sourcing /home/arrow_function/.local/share/nvim/site/pack/packer/start/tagbar/plugin/tagbar.vim
226.834  000.291  000.291: sourcing /home/arrow_function/.local/share/nvim/site/pack/packer/start/telescope.nvim/plugin/telescope.lua
227.195  000.059  000.059: sourcing /home/arrow_function/.local/share/nvim/site/pack/packer/start/vim-airline/autoload/airline/init.vim
227.735  000.280  000.280: sourcing /home/arrow_function/.local/share/nvim/site/pack/packer/start/vim-airline/autoload/airline/parts.vim
227.920  000.008  000.008: sourcing /home/arrow_function/.local/share/nvim/site/pack/packer/start/vim-airline/autoload/airline/formatter/short_path.vim
228.672  000.089  000.089: sourcing /home/arrow_function/.local/share/nvim/site/pack/packer/start/vim-airline/autoload/airline/util.vim
228.730  001.810  001.374: sourcing /home/arrow_function/.local/share/nvim/site/pack/packer/start/vim-airline/plugin/airline.vim
228.875  000.083  000.083: sourcing /home/arrow_function/.local/share/nvim/site/pack/packer/start/vim-commentary/plugin/commentary.vim
229.500  000.084  000.084: sourcing /home/arrow_function/.local/share/nvim/site/pack/packer/start/vim-airline/autoload/airline.vim
230.244  001.305  001.221: sourcing /home/arrow_function/.local/share/nvim/site/pack/packer/start/vim-devicons/plugin/webdevicons.vim
230.542  000.229  000.229: sourcing /home/arrow_function/.local/share/nvim/site/pack/packer/start/vim-multiple-cursors/plugin/multiple_cursors.vim
230.814  000.200  000.200: sourcing /home/arrow_function/.local/share/nvim/site/pack/packer/start/vim-surround/plugin/surround.vim
230.978  000.101  000.101: sourcing /home/arrow_function/.local/share/nvim/site/pack/packer/start/vim-terminal/plugin/vimterm_term.vim
231.147  000.104  000.104: sourcing /home/arrow_function/.local/share/nvim/site/pack/packer/start/vim-tmux-navigator/plugin/tmux_navigator.vim
231.217  001.858: loading packages
231.609  000.043  000.043: require('cmp_buffer.timer')
231.613  000.215  000.172: require('cmp_buffer.buffer')
231.615  000.315  000.100: require('cmp_buffer.source')
231.617  000.345  000.030: require('cmp_buffer')
231.641  000.383  000.038: sourcing /home/arrow_function/.local/share/nvim/site/pack/packer/start/cmp-buffer/after/plugin/cmp_buffer.lua
231.727  000.020  000.020: sourcing /home/arrow_function/.local/share/nvim/site/pack/packer/start/cmp-nvim-lsp/after/plugin/cmp_nvim_lsp.lua
231.868  000.084  000.084: require('cmp_nvim_lua')
231.889  000.114  000.031: sourcing /home/arrow_function/.local/share/nvim/site/pack/packer/start/cmp-nvim-lua/after/plugin/cmp_nvim_lua.lua
232.138  000.190  000.190: require('cmp_path')
232.157  000.218  000.029: sourcing /home/arrow_function/.local/share/nvim/site/pack/packer/start/cmp-path/after/plugin/cmp_path.lua
232.369  000.134  000.134: require('cmp_luasnip')
232.397  000.185  000.051: sourcing /home/arrow_function/.local/share/nvim/site/pack/packer/start/cmp_luasnip/after/plugin/cmp_luasnip.lua
232.400  000.263: loading after plugins
232.409  000.009: inits 3
234.484  002.074: reading ShaDa
234.920  000.129  000.129: require('luasnip.util.directed_graph')
234.960  000.038  000.038: require('luasnip.session.enqueueable_operations')
234.966  000.411  000.244: require('luasnip.loaders.from_lua')
236.393  000.039  000.039: require('luasnip.util.events')
236.405  000.359  000.320: require('luasnip.nodes.node')
236.670  000.264  000.264: require('luasnip.nodes.insertNode')
236.765  000.090  000.090: require('luasnip.nodes.textNode')
236.883  000.115  000.115: require('luasnip.util.mark')
236.980  000.094  000.094: require('luasnip.util.pattern_tokenizer')
237.055  000.073  000.073: require('luasnip.util.dict')
237.606  000.451  000.451: require('luasnip.util.jsregexp')
237.614  000.553  000.102: require('luasnip.nodes.util.trig_engines')
237.671  002.345  000.797: require('luasnip.nodes.snippet')
237.689  002.407  000.062: require('luasnip.nodes.duplicate')
237.692  002.459  000.052: require('luasnip.loaders.snippet_cache')
237.704  002.715  000.257: require('luasnip.loaders.from_snipmate')
238.896  000.126  000.126: require('luasnip.util.parser.neovim_ast')
239.020  000.119  000.119: require('luasnip.util.str')
239.443  000.417  000.417: require('luasnip.util.jsregexp')
239.450  000.951  000.289: require('luasnip.util.parser.ast_utils')
239.581  000.129  000.129: require('luasnip.nodes.functionNode')
239.817  000.234  000.234: require('luasnip.nodes.choiceNode')
240.072  000.253  000.253: require('luasnip.nodes.dynamicNode')
240.130  000.055  000.055: require('luasnip.util.functions')
240.136  001.867  000.246: require('luasnip.util.parser.ast_parser')
240.378  000.241  000.241: require('luasnip.util.parser.neovim_parser')
240.385  002.256  000.148: require('luasnip.util.parser')
240.475  000.088  000.088: require('luasnip.nodes.snippetProxy')
240.862  000.382  000.382: require('luasnip.util.jsonc')
240.883  003.169  000.445: require('luasnip.loaders.from_vscode')
241.480  000.208  000.208: sourcing /home/arrow_function/.local/share/nvim/site/pack/packer/start/vim-airline/autoload/airline/extensions.vim
241.635  000.027  000.027: sourcing /home/arrow_function/.local/share/nvim/site/pack/packer/start/vim-airline/autoload/airline/extensions/quickfix.vim
241.812  000.017  000.017: sourcing /home/arrow_function/.local/share/nvim/site/pack/packer/start/vim-airline/autoload/airline/extensions/netrw.vim
241.952  000.017  000.017: sourcing /home/arrow_function/.local/share/nvim/site/pack/packer/start/vim-airline/autoload/airline/extensions/fzf.vim
242.193  000.067  000.067: sourcing /home/arrow_function/.local/share/nvim/site/pack/packer/start/vim-airline/autoload/airline/extensions/term.vim
242.415  000.053  000.053: sourcing /home/arrow_function/.local/share/nvim/site/pack/packer/start/vim-airline/autoload/airline/extensions/hunks.vim
242.577  000.030  000.030: sourcing /home/arrow_function/.local/share/nvim/site/pack/packer/start/vim-airline/autoload/airline/extensions/tagbar.vim
242.914  000.034  000.034: sourcing /home/arrow_function/.local/share/nvim/site/pack/packer/start/vim-airline/autoload/airline/extensions/nvimlsp.vim
243.199  000.094  000.094: sourcing /home/arrow_function/.local/share/nvim/site/pack/packer/start/vim-airline/autoload/airline/extensions/whitespace.vim
243.388  000.029  000.029: sourcing /home/arrow_function/.local/share/nvim/site/pack/packer/start/vim-airline/autoload/airline/extensions/po.vim
243.552  000.045  000.045: sourcing /home/arrow_function/.local/share/nvim/site/pack/packer/start/vim-airline/autoload/airline/extensions/wordcount.vim
243.737  000.023  000.023: sourcing /home/arrow_function/.local/share/nvim/site/pack/packer/start/vim-airline/autoload/airline/extensions/xkblayout.vim
243.866  000.014  000.014: sourcing /home/arrow_function/.local/share/nvim/site/pack/packer/start/vim-airline/autoload/airline/extensions/keymap.vim
244.160  000.025  000.025: sourcing /home/arrow_function/.local/share/nvim/site/pack/packer/start/vim-airline/autoload/airline/extensions/searchcount.vim
246.322  000.032  000.032: sourcing /home/arrow_function/.local/share/nvim/site/pack/packer/start/vim-airline/autoload/airline/section.vim
246.563  000.103  000.103: sourcing /home/arrow_function/.local/share/nvim/site/pack/packer/start/vim-airline/autoload/airline/highlighter.vim
248.558  000.028  000.028: sourcing /home/arrow_function/.local/share/nvim/site/pack/packer/start/vim-airline/autoload/airline/themes.vim
248.746  000.318  000.290: sourcing /home/arrow_function/.local/share/nvim/site/pack/packer/start/vim-airline/autoload/airline/themes/dark.vim
262.489  000.094  000.094: sourcing /home/arrow_function/.local/share/nvim/site/pack/packer/start/vim-airline/autoload/airline/builder.vim
262.983  000.049  000.049: sourcing /home/arrow_function/.local/share/nvim/site/pack/packer/start/vim-airline/autoload/airline/extensions/default.vim
271.923  029.865: opening buffers
272.107  000.183: BufEnter autocommands
272.111  000.004: editing files in windows
272.226  000.115: VimEnter autocommands
272.409  000.183: UIEnter autocommands
272.414  000.005: before starting main loop
1685.834  001.639  001.639: sourcing /home/arrow_function/.local/share/nvim/site/pack/packer/start/tagbar/autoload/tagbar.vim
1686.219  000.050  000.050: sourcing /home/arrow_function/.local/share/nvim/site/pack/packer/start/tagbar/autoload/tagbar/debug.vim
2236.663  1962.561: first screen update
2236.668  000.005: --- NVIM STARTED ---

